C:\Users\wongjl\Desktop\job\Github\NAEUL004\NAEUL004C00R13L515F00\Temp\Includes\AS_TempDecl\23Mag_UL_MagPlatORLifTrav_Estun_laneMag\GlobalComponents\MpComponents.var
C:\Users\wongjl\Desktop\job\Github\NAEUL004\NAEUL004C00R13L515F00\Logical\SoftwareVersion.var
C:\Users\wongjl\Desktop\job\Github\NAEUL004\NAEUL004C00R13L515F00\Logical\Libraries\standard\standard.fun
C:\Users\wongjl\Desktop\job\Github\NAEUL004\NAEUL004C00R13L515F00\Logical\Libraries\standard\standard.typ
C:\Users\wongjl\Desktop\job\Github\NAEUL004\NAEUL004C00R13L515F00\Logical\Libraries\standard\standard.var
C:\Users\wongjl\Desktop\job\Github\NAEUL004\NAEUL004C00R13L515F00\Logical\Libraries\runtime\runtime.fun
C:\Users\wongjl\Desktop\job\Github\NAEUL004\NAEUL004C00R13L515F00\Logical\Libraries\runtime\runtime.typ
C:\Users\wongjl\Desktop\job\Github\NAEUL004\NAEUL004C00R13L515F00\Logical\Libraries\runtime\runtime.var
C:\Users\wongjl\Desktop\job\Github\NAEUL004\NAEUL004C00R13L515F00\Logical\Libraries\astime\astime.fun
C:\Users\wongjl\Desktop\job\Github\NAEUL004\NAEUL004C00R13L515F00\Logical\Libraries\astime\astime.typ
C:\Users\wongjl\Desktop\job\Github\NAEUL004\NAEUL004C00R13L515F00\Logical\Libraries\astime\astime.var
C:\Users\wongjl\Desktop\job\Github\NAEUL004\NAEUL004C00R13L515F00\Logical\Libraries\asstring\asstring.fun
C:\Users\wongjl\Desktop\job\Github\NAEUL004\NAEUL004C00R13L515F00\Logical\Libraries\asstring\asstring.typ
C:\Users\wongjl\Desktop\job\Github\NAEUL004\NAEUL004C00R13L515F00\Logical\Libraries\asstring\asstring.var
C:\Users\wongjl\Desktop\job\Github\NAEUL004\NAEUL004C00R13L515F00\Logical\Libraries\operator\operator.fun
C:\Users\wongjl\Desktop\job\Github\NAEUL004\NAEUL004C00R13L515F00\Logical\Libraries\operator\operator.typ
C:\Users\wongjl\Desktop\job\Github\NAEUL004\NAEUL004C00R13L515F00\Logical\Libraries\operator\operator.var
C:\Users\wongjl\Desktop\job\Github\NAEUL004\NAEUL004C00R13L515F00\Logical\Libraries\AsIecCon\AsIecCon.fun
C:\Users\wongjl\Desktop\job\Github\NAEUL004\NAEUL004C00R13L515F00\Logical\Libraries\AsIecCon\AsIecCon.typ
C:\Users\wongjl\Desktop\job\Github\NAEUL004\NAEUL004C00R13L515F00\Logical\Libraries\AsIecCon\AsIecCon.var
C:\Users\wongjl\Desktop\job\Github\NAEUL004\NAEUL004C00R13L515F00\Logical\Libraries\AsCANopen\AsCANopen.fun
C:\Users\wongjl\Desktop\job\Github\NAEUL004\NAEUL004C00R13L515F00\Logical\Libraries\AsCANopen\AsCANopen.typ
C:\Users\wongjl\Desktop\job\Github\NAEUL004\NAEUL004C00R13L515F00\Logical\Libraries\AsCANopen\AsCANopen.var
C:\Users\wongjl\Desktop\job\Github\NAEUL004\NAEUL004C00R13L515F00\Logical\Libraries\visapi\Visapi.typ
C:\Users\wongjl\Desktop\job\Github\NAEUL004\NAEUL004C00R13L515F00\Logical\Libraries\visapi\Visapi.fun
C:\Users\wongjl\Desktop\job\Github\NAEUL004\NAEUL004C00R13L515F00\Logical\Libraries\visapi\Visapi.var
C:\Users\wongjl\Desktop\job\Github\NAEUL004\NAEUL004C00R13L515F00\Logical\Libraries\FileIO\FileIO.fun
C:\Users\wongjl\Desktop\job\Github\NAEUL004\NAEUL004C00R13L515F00\Logical\Libraries\FileIO\FileIO.typ
C:\Users\wongjl\Desktop\job\Github\NAEUL004\NAEUL004C00R13L515F00\Logical\Libraries\FileIO\FileIO.var
C:\Users\wongjl\Desktop\job\Github\NAEUL004\NAEUL004C00R13L515F00\Logical\Libraries\AsIODiag\AsIODiag.fun
C:\Users\wongjl\Desktop\job\Github\NAEUL004\NAEUL004C00R13L515F00\Logical\Libraries\AsIODiag\AsIODiag.typ
C:\Users\wongjl\Desktop\job\Github\NAEUL004\NAEUL004C00R13L515F00\Logical\Libraries\AsIODiag\AsIODiag.var
C:\Users\wongjl\Desktop\job\Github\NAEUL004\NAEUL004C00R13L515F00\Logical\Libraries\AsMem\AsMem.fun
C:\Users\wongjl\Desktop\job\Github\NAEUL004\NAEUL004C00R13L515F00\Logical\Libraries\AsMem\AsMem.typ
C:\Users\wongjl\Desktop\job\Github\NAEUL004\NAEUL004C00R13L515F00\Logical\Libraries\AsMem\AsMem.var
C:\Users\wongjl\Desktop\job\Github\NAEUL004\NAEUL004C00R13L515F00\Logical\Libraries\dvframe\dvframe.fun
C:\Users\wongjl\Desktop\job\Github\NAEUL004\NAEUL004C00R13L515F00\Logical\Libraries\dvframe\dvframe.typ
C:\Users\wongjl\Desktop\job\Github\NAEUL004\NAEUL004C00R13L515F00\Logical\Libraries\dvframe\dvframe.var
C:\Users\wongjl\Desktop\job\Github\NAEUL004\NAEUL004C00R13L515F00\Logical\Libraries\AsOpcUac\AsOpcUac.fun
C:\Users\wongjl\Desktop\job\Github\NAEUL004\NAEUL004C00R13L515F00\Logical\Libraries\AsOpcUac\AsOpcUac.typ
C:\Users\wongjl\Desktop\job\Github\NAEUL004\NAEUL004C00R13L515F00\Logical\Libraries\AsOpcUac\AsOpcUac.var
C:\Users\wongjl\Desktop\job\Github\NAEUL004\NAEUL004C00R13L515F00\Logical\Libraries\AsARCfg\AsARCfg.fun
C:\Users\wongjl\Desktop\job\Github\NAEUL004\NAEUL004C00R13L515F00\Logical\Libraries\AsARCfg\AsARCfg.typ
C:\Users\wongjl\Desktop\job\Github\NAEUL004\NAEUL004C00R13L515F00\Logical\Libraries\AsARCfg\AsARCfg.var
C:\Users\wongjl\Desktop\job\Github\NAEUL004\NAEUL004C00R13L515F00\Logical\Libraries\sys_lib\sys_lib.fun
C:\Users\wongjl\Desktop\job\Github\NAEUL004\NAEUL004C00R13L515F00\Logical\Libraries\sys_lib\sys_lib.typ
C:\Users\wongjl\Desktop\job\Github\NAEUL004\NAEUL004C00R13L515F00\Logical\Libraries\sys_lib\sys_lib.var
C:\Users\wongjl\Desktop\job\Github\NAEUL004\NAEUL004C00R13L515F00\Logical\Libraries\AsTCP\AsTCP.fun
C:\Users\wongjl\Desktop\job\Github\NAEUL004\NAEUL004C00R13L515F00\Logical\Libraries\AsTCP\AsTCP.typ
C:\Users\wongjl\Desktop\job\Github\NAEUL004\NAEUL004C00R13L515F00\Logical\Libraries\AsTCP\AsTCP.var
C:\Users\wongjl\Desktop\job\Github\NAEUL004\NAEUL004C00R13L515F00\Logical\Libraries\AsFltGen\AsFltGen.fun
C:\Users\wongjl\Desktop\job\Github\NAEUL004\NAEUL004C00R13L515F00\Logical\Libraries\AsFltGen\AsFltGen.typ
C:\Users\wongjl\Desktop\job\Github\NAEUL004\NAEUL004C00R13L515F00\Logical\Libraries\AsFltGen\AsFltGen.var
C:\Users\wongjl\Desktop\job\Github\NAEUL004\NAEUL004C00R13L515F00\Logical\Libraries\brsystem\brsystem.fun
C:\Users\wongjl\Desktop\job\Github\NAEUL004\NAEUL004C00R13L515F00\Logical\Libraries\brsystem\brsystem.typ
C:\Users\wongjl\Desktop\job\Github\NAEUL004\NAEUL004C00R13L515F00\Logical\Libraries\brsystem\brsystem.var
C:\Users\wongjl\Desktop\job\Github\NAEUL004\NAEUL004C00R13L515F00\Logical\Libraries\MpCom\MpCom.var
C:\Users\wongjl\Desktop\job\Github\NAEUL004\NAEUL004C00R13L515F00\Logical\Libraries\MpCom\MpCom.typ
C:\Users\wongjl\Desktop\job\Github\NAEUL004\NAEUL004C00R13L515F00\Logical\Libraries\MpCom\MpComError.typ
C:\Users\wongjl\Desktop\job\Github\NAEUL004\NAEUL004C00R13L515F00\Logical\Libraries\MpCom\MpCom.fun
C:\Users\wongjl\Desktop\job\Github\NAEUL004\NAEUL004C00R13L515F00\Logical\Libraries\MpBase\MpBase.typ
C:\Users\wongjl\Desktop\job\Github\NAEUL004\NAEUL004C00R13L515F00\Logical\Libraries\MpBase\MpBase.var
C:\Users\wongjl\Desktop\job\Github\NAEUL004\NAEUL004C00R13L515F00\Logical\Libraries\MpBase\MpBase.fun
C:\Users\wongjl\Desktop\job\Github\NAEUL004\NAEUL004C00R13L515F00\Logical\Libraries\MpRecipe\MpRecipe.typ
C:\Users\wongjl\Desktop\job\Github\NAEUL004\NAEUL004C00R13L515F00\Logical\Libraries\MpRecipe\MpRecipeAlarm.typ
C:\Users\wongjl\Desktop\job\Github\NAEUL004\NAEUL004C00R13L515F00\Logical\Libraries\MpRecipe\MpRecipeError.typ
C:\Users\wongjl\Desktop\job\Github\NAEUL004\NAEUL004C00R13L515F00\Logical\Libraries\MpRecipe\MpRecipe.fun
C:\Users\wongjl\Desktop\job\Github\NAEUL004\NAEUL004C00R13L515F00\Logical\Libraries\Acp10man\Acp10man.typ
C:\Users\wongjl\Desktop\job\Github\NAEUL004\NAEUL004C00R13L515F00\Logical\Libraries\Acp10par\Acp10par.var
C:\Users\wongjl\Desktop\job\Github\NAEUL004\NAEUL004C00R13L515F00\Logical\Libraries\NcGlobal\NcGlobal.fun
C:\Users\wongjl\Desktop\job\Github\NAEUL004\NAEUL004C00R13L515F00\Logical\Libraries\NcGlobal\NcGlobal.typ
C:\Users\wongjl\Desktop\job\Github\NAEUL004\NAEUL004C00R13L515F00\Logical\Libraries\NcGlobal\NcGlobal.var
C:\Users\wongjl\Desktop\job\Github\NAEUL004\NAEUL004C00R13L515F00\Logical\Libraries\AsMath\AsMath.fun
C:\Users\wongjl\Desktop\job\Github\NAEUL004\NAEUL004C00R13L515F00\Logical\Libraries\AsMath\AsMath.typ
C:\Users\wongjl\Desktop\job\Github\NAEUL004\NAEUL004C00R13L515F00\Logical\Libraries\AsMath\AsMath.var
C:\Users\wongjl\Desktop\job\Github\NAEUL004\NAEUL004C00R13L515F00\Logical\NtLibraries\NtBuffer\NtBuffer.fun
C:\Users\wongjl\Desktop\job\Github\NAEUL004\NAEUL004C00R13L515F00\Logical\NtLibraries\NtBuffer\Types.typ
C:\Users\wongjl\Desktop\job\Github\NAEUL004\NAEUL004C00R13L515F00\Logical\NtLibraries\NtBuffer\Constants.var
C:\Users\wongjl\Desktop\job\Github\NAEUL004\NAEUL004C00R13L515F00\Logical\NtLibraries\NtConv\NtConv.fun
C:\Users\wongjl\Desktop\job\Github\NAEUL004\NAEUL004C00R13L515F00\Logical\NtLibraries\NtConv\Types.typ
C:\Users\wongjl\Desktop\job\Github\NAEUL004\NAEUL004C00R13L515F00\Logical\NtLibraries\NtFileIO\NtFileIO.fun
C:\Users\wongjl\Desktop\job\Github\NAEUL004\NAEUL004C00R13L515F00\Logical\NtLibraries\NtFileIO\Types.typ
C:\Users\wongjl\Desktop\job\Github\NAEUL004\NAEUL004C00R13L515F00\Logical\NtLibraries\NtLogFile\NtLogFile.fun
C:\Users\wongjl\Desktop\job\Github\NAEUL004\NAEUL004C00R13L515F00\Logical\NtLibraries\NtLogFile\Types.typ
C:\Users\wongjl\Desktop\job\Github\NAEUL004\NAEUL004C00R13L515F00\Logical\NtLibraries\NtMem\NtMem.fun
C:\Users\wongjl\Desktop\job\Github\NAEUL004\NAEUL004C00R13L515F00\Logical\NtLibraries\NtMem\Types.typ
C:\Users\wongjl\Desktop\job\Github\NAEUL004\NAEUL004C00R13L515F00\Logical\NtLibraries\NtMessage\NtMessage.fun
C:\Users\wongjl\Desktop\job\Github\NAEUL004\NAEUL004C00R13L515F00\Logical\NtLibraries\NtMessage\Types.typ
C:\Users\wongjl\Desktop\job\Github\NAEUL004\NAEUL004C00R13L515F00\Logical\NtLibraries\NtOvenInfo\NtOvenInfo.fun
C:\Users\wongjl\Desktop\job\Github\NAEUL004\NAEUL004C00R13L515F00\Logical\NtLibraries\NtPneu\NtPneu.fun
C:\Users\wongjl\Desktop\job\Github\NAEUL004\NAEUL004C00R13L515F00\Logical\NtLibraries\NtPneu\Types.typ
C:\Users\wongjl\Desktop\job\Github\NAEUL004\NAEUL004C00R13L515F00\Logical\NtLibraries\NtRS232\NtRS232.fun
C:\Users\wongjl\Desktop\job\Github\NAEUL004\NAEUL004C00R13L515F00\Logical\NtLibraries\NtRS232\Types.typ
C:\Users\wongjl\Desktop\job\Github\NAEUL004\NAEUL004C00R13L515F00\Logical\NtLibraries\NtSMEMA\NtSMEMA.fun
C:\Users\wongjl\Desktop\job\Github\NAEUL004\NAEUL004C00R13L515F00\Logical\NtLibraries\NtSMEMA\Types.typ
C:\Users\wongjl\Desktop\job\Github\NAEUL004\NAEUL004C00R13L515F00\Logical\NtLibraries\NtTCP\NtTCP.fun
C:\Users\wongjl\Desktop\job\Github\NAEUL004\NAEUL004C00R13L515F00\Logical\NtLibraries\NtTCP\Types.typ
C:\Users\wongjl\Desktop\job\Github\NAEUL004\NAEUL004C00R13L515F00\Logical\NtLibraries\NtTCP\Constants.var
C:\Users\wongjl\Desktop\job\Github\NAEUL004\NAEUL004C00R13L515F00\Logical\NtLibraries\NtTLBuz\NtTLBuz.fun
C:\Users\wongjl\Desktop\job\Github\NAEUL004\NAEUL004C00R13L515F00\Logical\NtLibraries\NtTLBuz\Types.typ
C:\Users\wongjl\Desktop\job\Github\NAEUL004\NAEUL004C00R13L515F00\Logical\NtLibraries\NtVersion\NtVersion.fun
C:\Users\wongjl\Desktop\job\Github\NAEUL004\NAEUL004C00R13L515F00\Logical\NtLibraries\NtVersion\Types.typ
C:\Users\wongjl\Desktop\job\Github\NAEUL004\NAEUL004C00R13L515F00\Logical\NtLibraries\NtVersion\Constant.var
C:\Users\wongjl\Desktop\job\Github\NAEUL004\NAEUL004C00R13L515F00\Logical\NtLibraries\NtSOT\NtSOT.fun
C:\Users\wongjl\Desktop\job\Github\NAEUL004\NAEUL004C00R13L515F00\Logical\NtLibraries\NtSOT\Types.typ
C:\Users\wongjl\Desktop\job\Github\NAEUL004\NAEUL004C00R13L515F00\Logical\NtLibraries\NtLF\NtLF.fun
C:\Users\wongjl\Desktop\job\Github\NAEUL004\NAEUL004C00R13L515F00\Logical\NtLibraries\NtLF\Types.typ
C:\Users\wongjl\Desktop\job\Github\NAEUL004\NAEUL004C00R13L515F00\Logical\NtLibraries\NtLF\Constants.var
C:\Users\wongjl\Desktop\job\Github\NAEUL004\NAEUL004C00R13L515F00\Logical\NtLibraries\NtMotion\NtMotion.fun
C:\Users\wongjl\Desktop\job\Github\NAEUL004\NAEUL004C00R13L515F00\Logical\NtLibraries\NtMotion\Types.typ
C:\Users\wongjl\Desktop\job\Github\NAEUL004\NAEUL004C00R13L515F00\Logical\NtLibraries\NtRecipe\NtRecipe.fun
C:\Users\wongjl\Desktop\job\Github\NAEUL004\NAEUL004C00R13L515F00\Logical\NtLibraries\NtRecipe\Types.typ
C:\Users\wongjl\Desktop\job\Github\NAEUL004\NAEUL004C00R13L515F00\Logical\NtLibraries\NtGeneral\NtGeneral.fun
C:\Users\wongjl\Desktop\job\Github\NAEUL004\NAEUL004C00R13L515F00\Logical\NtLibraries\NtGeneral\Types.typ
C:\Users\wongjl\Desktop\job\Github\NAEUL004\NAEUL004C00R13L515F00\Logical\NtLibraries\NtUI\NtUI.fun
C:\Users\wongjl\Desktop\job\Github\NAEUL004\NAEUL004C00R13L515F00\Logical\NtLibraries\NtUI\Types.typ
C:\Users\wongjl\Desktop\job\Github\NAEUL004\NAEUL004C00R13L515F00\Logical\NtLibraries\NtHermes\NtHermes.fun
C:\Users\wongjl\Desktop\job\Github\NAEUL004\NAEUL004C00R13L515F00\Logical\NtLibraries\NtHermes\Types.typ
C:\Users\wongjl\Desktop\job\Github\NAEUL004\NAEUL004C00R13L515F00\Logical\NtLibraries\NtHermes\Constants.var
C:\Users\wongjl\Desktop\job\Github\NAEUL004\NAEUL004C00R13L515F00\Logical\NtLibraries\NtOpConXML\Types.typ
C:\Users\wongjl\Desktop\job\Github\NAEUL004\NAEUL004C00R13L515F00\Logical\NtLibraries\NtOpConXML\Constants.var
C:\Users\wongjl\Desktop\job\Github\NAEUL004\NAEUL004C00R13L515F00\Logical\NtLibraries\NtOpConXML\NtOpConXML.fun
C:\Users\wongjl\Desktop\job\Github\NAEUL004\NAEUL004C00R13L515F00\Logical\NtLibraries\NtOPCUA\NtOPCUA.fun
C:\Users\wongjl\Desktop\job\Github\NAEUL004\NAEUL004C00R13L515F00\Logical\NtLibraries\NtOPCUA\Types.typ
C:\Users\wongjl\Desktop\job\Github\NAEUL004\NAEUL004C00R13L515F00\Logical\UI\UI.typ
C:\Users\wongjl\Desktop\job\Github\NAEUL004\NAEUL004C00R13L515F00\Logical\UI\UI.var
C:\Users\wongjl\Desktop\job\Github\NAEUL004\NAEUL004C00R13L515F00\Logical\Startup\Startup.typ
C:\Users\wongjl\Desktop\job\Github\NAEUL004\NAEUL004C00R13L515F00\Logical\Startup\Startup.var
C:\Users\wongjl\Desktop\job\Github\NAEUL004\NAEUL004C00R13L515F00\Logical\General\General.typ
C:\Users\wongjl\Desktop\job\Github\NAEUL004\NAEUL004C00R13L515F00\Logical\General\General.var
C:\Users\wongjl\Desktop\job\Github\NAEUL004\NAEUL004C00R13L515F00\Logical\UsrFolder\UsrFolder.typ
C:\Users\wongjl\Desktop\job\Github\NAEUL004\NAEUL004C00R13L515F00\Logical\UsrFolder\UsrFolder.var
C:\Users\wongjl\Desktop\job\Github\NAEUL004\NAEUL004C00R13L515F00\Logical\LibVer\LibVer.typ
C:\Users\wongjl\Desktop\job\Github\NAEUL004\NAEUL004C00R13L515F00\Logical\LibVer\LibVer.var
C:\Users\wongjl\Desktop\job\Github\NAEUL004\NAEUL004C00R13L515F00\Logical\Time\Time.typ
C:\Users\wongjl\Desktop\job\Github\NAEUL004\NAEUL004C00R13L515F00\Logical\Time\Time.var
C:\Users\wongjl\Desktop\job\Github\NAEUL004\NAEUL004C00R13L515F00\Logical\HWInfo\HWInfo.typ
C:\Users\wongjl\Desktop\job\Github\NAEUL004\NAEUL004C00R13L515F00\Logical\HWInfo\HWInfo.var
C:\Users\wongjl\Desktop\job\Github\NAEUL004\NAEUL004C00R13L515F00\Logical\TLBuz\TLBuz.typ
C:\Users\wongjl\Desktop\job\Github\NAEUL004\NAEUL004C00R13L515F00\Logical\TLBuz\TLBuz.var
C:\Users\wongjl\Desktop\job\Github\NAEUL004\NAEUL004C00R13L515F00\Logical\Alarm\Alarm.typ
C:\Users\wongjl\Desktop\job\Github\NAEUL004\NAEUL004C00R13L515F00\Logical\Alarm\Alarm.var
C:\Users\wongjl\Desktop\job\Github\NAEUL004\NAEUL004C00R13L515F00\Logical\RstErr\RstErr.typ
C:\Users\wongjl\Desktop\job\Github\NAEUL004\NAEUL004C00R13L515F00\Logical\RstErr\RstErr.var
C:\Users\wongjl\Desktop\job\Github\NAEUL004\NAEUL004C00R13L515F00\Logical\ProdRcp\ProdRcp.typ
C:\Users\wongjl\Desktop\job\Github\NAEUL004\NAEUL004C00R13L515F00\Logical\ProdRcp\ProdRcp.var
C:\Users\wongjl\Desktop\job\Github\NAEUL004\NAEUL004C00R13L515F00\Logical\MpProdRcp\MpProdRcp.typ
C:\Users\wongjl\Desktop\job\Github\NAEUL004\NAEUL004C00R13L515F00\Logical\MpProdRcp\MpProdRcp.var
C:\Users\wongjl\Desktop\job\Github\NAEUL004\NAEUL004C00R13L515F00\Logical\MagRcp\MagRcp.typ
C:\Users\wongjl\Desktop\job\Github\NAEUL004\NAEUL004C00R13L515F00\Logical\MagRcp\MagRcp.var
C:\Users\wongjl\Desktop\job\Github\NAEUL004\NAEUL004C00R13L515F00\Logical\McParam\McParam.typ
C:\Users\wongjl\Desktop\job\Github\NAEUL004\NAEUL004C00R13L515F00\Logical\McParam\McParam.var
C:\Users\wongjl\Desktop\job\Github\NAEUL004\NAEUL004C00R13L515F00\Logical\NtParam\NtParam.typ
C:\Users\wongjl\Desktop\job\Github\NAEUL004\NAEUL004C00R13L515F00\Logical\NtParam\NtParam.var
C:\Users\wongjl\Desktop\job\Github\NAEUL004\NAEUL004C00R13L515F00\Logical\UsrMgmt\UsrMgmt.typ
C:\Users\wongjl\Desktop\job\Github\NAEUL004\NAEUL004C00R13L515F00\Logical\UsrMgmt\UsrMgmt.var
C:\Users\wongjl\Desktop\job\Github\NAEUL004\NAEUL004C00R13L515F00\Logical\OvenInfo\OvenInfo.typ
C:\Users\wongjl\Desktop\job\Github\NAEUL004\NAEUL004C00R13L515F00\Logical\OvenInfo\OvenInfo.var
C:\Users\wongjl\Desktop\job\Github\NAEUL004\NAEUL004C00R13L515F00\Logical\Buffer\Buffer.typ
C:\Users\wongjl\Desktop\job\Github\NAEUL004\NAEUL004C00R13L515F00\Logical\Buffer\Buffer.var
C:\Users\wongjl\Desktop\job\Github\NAEUL004\NAEUL004C00R13L515F00\Logical\SMEMA\SMEMA.typ
C:\Users\wongjl\Desktop\job\Github\NAEUL004\NAEUL004C00R13L515F00\Logical\SMEMA\USSMEMAA.var
C:\Users\wongjl\Desktop\job\Github\NAEUL004\NAEUL004C00R13L515F00\Logical\SMEMA\USSMEMAB.var
C:\Users\wongjl\Desktop\job\Github\NAEUL004\NAEUL004C00R13L515F00\Logical\SMEMA\USSMEMA1.var
C:\Users\wongjl\Desktop\job\Github\NAEUL004\NAEUL004C00R13L515F00\Logical\SMEMA\USSMEMA2.var
C:\Users\wongjl\Desktop\job\Github\NAEUL004\NAEUL004C00R13L515F00\Logical\SMEMA\USSMEMA3.var
C:\Users\wongjl\Desktop\job\Github\NAEUL004\NAEUL004C00R13L515F00\Logical\SMEMA\DSSMEMA1.var
C:\Users\wongjl\Desktop\job\Github\NAEUL004\NAEUL004C00R13L515F00\Logical\SMEMA\DSSMEMA2.var
C:\Users\wongjl\Desktop\job\Github\NAEUL004\NAEUL004C00R13L515F00\Logical\SMEMA\DSSMEMA3.var
C:\Users\wongjl\Desktop\job\Github\NAEUL004\NAEUL004C00R13L515F00\Logical\Pneu\Pneu.typ
C:\Users\wongjl\Desktop\job\Github\NAEUL004\NAEUL004C00R13L515F00\Logical\Pneu\Pneu.var
C:\Users\wongjl\Desktop\job\Github\NAEUL004\NAEUL004C00R13L515F00\Logical\MagConv_LiftnTrav\MagConv2Clp.typ
C:\Users\wongjl\Desktop\job\Github\NAEUL004\NAEUL004C00R13L515F00\Logical\MagConv_LiftnTrav\MagConv2Clp.var
C:\Users\wongjl\Desktop\job\Github\NAEUL004\NAEUL004C00R13L515F00\Logical\Conv\Conv.typ
C:\Users\wongjl\Desktop\job\Github\NAEUL004\NAEUL004C00R13L515F00\Logical\Conv\PshrConv.var
C:\Users\wongjl\Desktop\job\Github\NAEUL004\NAEUL004C00R13L515F00\Logical\MtrPshr\MtrPshr.typ
C:\Users\wongjl\Desktop\job\Github\NAEUL004\NAEUL004C00R13L515F00\Logical\MtrPshr\MtrPshr.var
C:\Users\wongjl\Desktop\job\Github\NAEUL004\NAEUL004C00R13L515F00\Logical\SOT\SOT.typ
C:\Users\wongjl\Desktop\job\Github\NAEUL004\NAEUL004C00R13L515F00\Logical\SOT\SOT.var
C:\Users\wongjl\Desktop\job\Github\NAEUL004\NAEUL004C00R13L515F00\Logical\LF\LF.typ
C:\Users\wongjl\Desktop\job\Github\NAEUL004\NAEUL004C00R13L515F00\Logical\LF\LF.var
C:\Users\wongjl\Desktop\job\Github\NAEUL004\NAEUL004C00R13L515F00\Logical\Machine\Machine.typ
C:\Users\wongjl\Desktop\job\Github\NAEUL004\NAEUL004C00R13L515F00\Logical\Machine\Machine.var
C:\Users\wongjl\Desktop\job\Github\NAEUL004\NAEUL004C00R13L515F00\Logical\AGVCom\AGV.typ
C:\Users\wongjl\Desktop\job\Github\NAEUL004\NAEUL004C00R13L515F00\Logical\AGVCom\AGV.var
C:\Users\wongjl\Desktop\job\Github\NAEUL004\NAEUL004C00R13L515F00\Logical\CANOpenServo\CANOpenServo.typ
C:\Users\wongjl\Desktop\job\Github\NAEUL004\NAEUL004C00R13L515F00\Logical\CANOpenServo\AW\AW.typ
C:\Users\wongjl\Desktop\job\Github\NAEUL004\NAEUL004C00R13L515F00\Logical\CANOpenServo\AW\AWOpen.var
C:\Users\wongjl\Desktop\job\Github\NAEUL004\NAEUL004C00R13L515F00\Logical\CANOpenServo\AW\AWPushOrPuller.var
C:\Users\wongjl\Desktop\job\Github\NAEUL004\NAEUL004C00R13L515F00\Logical\CANOpenServo\Trav\Trav.typ
C:\Users\wongjl\Desktop\job\Github\NAEUL004\NAEUL004C00R13L515F00\Logical\CANOpenServo\Trav\Trav.var
C:\Users\wongjl\Desktop\job\Github\NAEUL004\NAEUL004C00R13L515F00\Logical\CANOpenServo\Lifter\Lifter.typ
C:\Users\wongjl\Desktop\job\Github\NAEUL004\NAEUL004C00R13L515F00\Logical\CANOpenServo\Lifter\LifterBtm.var
C:\Users\wongjl\Desktop\job\Github\NAEUL004\NAEUL004C00R13L515F00\Logical\CANOpenServo\Lifter\Lifter2.var
C:\Users\wongjl\Desktop\job\Github\NAEUL004\NAEUL004C00R13L515F00\Logical\CANOpenServo\MagAW\MagAW.typ
C:\Users\wongjl\Desktop\job\Github\NAEUL004\NAEUL004C00R13L515F00\Logical\CANOpenServo\MagAW\MagAWOpen1.var
C:\Users\wongjl\Desktop\job\Github\NAEUL004\NAEUL004C00R13L515F00\Logical\CANOpenServo\MagAW\MagAWOpen2.var
C:\Users\wongjl\Desktop\job\Github\NAEUL004\NAEUL004C00R13L515F00\Logical\CANOpenServo\MagAW\MagAWOpen3.var
C:\Users\wongjl\Desktop\job\Github\NAEUL004\NAEUL004C00R13L515F00\Logical\CANOpenServo\PullerPusher\PullerPusher.var
C:\Users\wongjl\Desktop\job\Github\NAEUL004\NAEUL004C00R13L515F00\Logical\CANOpenServo\PullerPusher\PullerPusher.typ
C:\Users\wongjl\Desktop\job\Github\NAEUL004\NAEUL004C00R13L515F00\Logical\TCP\TCP.typ
C:\Users\wongjl\Desktop\job\Github\NAEUL004\NAEUL004C00R13L515F00\Logical\TCP\TCP.var
C:\Users\wongjl\Desktop\job\Github\NAEUL004\NAEUL004C00R13L515F00\Logical\TCP\TCPTop.var
C:\Users\wongjl\Desktop\job\Github\NAEUL004\NAEUL004C00R13L515F00\Logical\TCP\TCPBtm.var
C:\Users\wongjl\Desktop\job\Github\NAEUL004\NAEUL004C00R13L515F00\Logical\DInput\DInput.typ
C:\Users\wongjl\Desktop\job\Github\NAEUL004\NAEUL004C00R13L515F00\Logical\DInput\DInput.var
C:\Users\wongjl\Desktop\job\Github\NAEUL004\NAEUL004C00R13L515F00\Logical\DOutput\DOutput.typ
C:\Users\wongjl\Desktop\job\Github\NAEUL004\NAEUL004C00R13L515F00\Logical\DOutput\DOutput.var
C:\Users\wongjl\Desktop\job\Github\NAEUL004\NAEUL004C00R13L515F00\Logical\Hermes\Hermes.typ
C:\Users\wongjl\Desktop\job\Github\NAEUL004\NAEUL004C00R13L515F00\Logical\Hermes\Hermes.var
C:\Users\wongjl\Desktop\job\Github\NAEUL004\NAEUL004C00R13L515F00\Logical\Hermes\USHermesA.var
C:\Users\wongjl\Desktop\job\Github\NAEUL004\NAEUL004C00R13L515F00\Logical\Hermes\USHermesB.var
C:\Users\wongjl\Desktop\job\Github\NAEUL004\NAEUL004C00R13L515F00\Logical\Hermes\RmtHermes.var
C:\Users\wongjl\Desktop\job\Github\NAEUL004\NAEUL004C00R13L515F00\Logical\Hermes\SvyHermes.var
C:\Users\wongjl\Desktop\job\Github\NAEUL004\NAEUL004C00R13L515F00\Logical\LCS\LCS.typ
C:\Users\wongjl\Desktop\job\Github\NAEUL004\NAEUL004C00R13L515F00\Logical\LCS\LCS.var
C:\Users\wongjl\Desktop\job\Github\NAEUL004\NAEUL004C00R13L515F00\Logical\LCS\LCSMngRcp.var
C:\Users\wongjl\Desktop\job\Github\NAEUL004\NAEUL004C00R13L515F00\Logical\LCS\LCSLF.var
C:\Users\wongjl\Desktop\job\Github\NAEUL004\NAEUL004C00R13L515F00\Logical\Operations\Operations.typ
C:\Users\wongjl\Desktop\job\Github\NAEUL004\NAEUL004C00R13L515F00\Logical\Operations\Ops.var
C:\Users\wongjl\Desktop\job\Github\NAEUL004\NAEUL004C00R13L515F00\Logical\Operations\OpsTravLifUL.typ
C:\Users\wongjl\Desktop\job\Github\NAEUL004\NAEUL004C00R13L515F00\Logical\Operations\OpsTravLifUL.var
C:\Users\wongjl\Desktop\job\Github\NAEUL004\NAEUL004C00R13L515F00\Logical\Operations\MagConv_StationaryPlat\OpsMagConvUL.typ
C:\Users\wongjl\Desktop\job\Github\NAEUL004\NAEUL004C00R13L515F00\Logical\Operations\MagConv_StationaryPlat\OpsMagConvUL1.var
C:\Users\wongjl\Desktop\job\Github\NAEUL004\NAEUL004C00R13L515F00\Logical\Operations\MagConv_StationaryPlat\OpsMagConvUL2.var
C:\Users\wongjl\Desktop\job\Github\NAEUL004\NAEUL004C00R13L515F00\Logical\Operations\MagConv_StationaryPlat\OpsMagConvUL3.var
C:\Users\wongjl\Desktop\job\Github\NAEUL004\NAEUL004C00R13L515F00\Logical\Operations\OpsLifMagUL.typ
C:\Users\wongjl\Desktop\job\Github\NAEUL004\NAEUL004C00R13L515F00\Logical\Operations\OpsLifMagUL.var
C:\Users\wongjl\Desktop\job\Github\NAEUL004\NAEUL004C00R13L515F00\Logical\Simulation\Simulation.typ
C:\Users\wongjl\Desktop\job\Github\NAEUL004\NAEUL004C00R13L515F00\Logical\Simulation\Simu.var
C:\Users\wongjl\Desktop\job\Github\NAEUL004\NAEUL004C00R13L515F00\Logical\Simulation\Simu1.var
C:\Users\wongjl\Desktop\job\Github\NAEUL004\NAEUL004C00R13L515F00\Logical\Simulation\Simu1.typ
C:\Users\wongjl\Desktop\job\Github\NAEUL004\NAEUL004C00R13L515F00\Logical\Simulation\Simu2.var
C:\Users\wongjl\Desktop\job\Github\NAEUL004\NAEUL004C00R13L515F00\Logical\Simulation\Simu2.typ
C:\Users\wongjl\Desktop\job\Github\NAEUL004\NAEUL004C00R13L515F00\Logical\OpCon\OpCon.typ
C:\Users\wongjl\Desktop\job\Github\NAEUL004\NAEUL004C00R13L515F00\Logical\OpCon\OpCon.var
C:\Users\wongjl\Desktop\job\Github\NAEUL004\NAEUL004C00R13L515F00\Logical\AutoRcp\AutoRcp.typ
C:\Users\wongjl\Desktop\job\Github\NAEUL004\NAEUL004C00R13L515F00\Logical\AutoRcp\AutoRcp.var
