c:\users\wongjl\desktop\job\github\naeul004\naeul004c00r13l515f00\temp\includes\usrmgmt\usrmgmttyp.h	C:\Users\wongjl\Desktop\job\Github\NAEUL004\NAEUL004C00R13L515F00\Logical\UsrMgmt\UsrMgmt.var global
c:\users\wongjl\desktop\job\github\naeul004\naeul004c00r13l515f00\temp\includes\libver\libvertyp.h	C:\Users\wongjl\Desktop\job\Github\NAEUL004\NAEUL004C00R13L515F00\Logical\NtLibraries\NtVersion\Constant.var global
c:\users\wongjl\desktop\job\github\naeul004\naeul004c00r13l515f00\temp\includes\hermes\ushermesa\inputrefvar.h	C:\Users\wongjl\Desktop\job\Github\NAEUL004\NAEUL004C00R13L515F00\Logical\ProdRcp\ProdRcp.var global
c:\users\wongjl\desktop\job\github\naeul004\naeul004c00r13l515f00\temp\includes\lf\lftyp.h	C:\Users\wongjl\Desktop\job\Github\NAEUL004\NAEUL004C00R13L515F00\Logical\Libraries\AsOpcUac\AsOpcUac.var global
c:\users\wongjl\desktop\job\github\naeul004\naeul004c00r13l515f00\temp\includes\lcs\lcstyp.h	C:\Users\wongjl\Desktop\job\Github\NAEUL004\NAEUL004C00R13L515F00\Logical\Alarm\Alarm.var global
c:\users\wongjl\desktop\job\github\naeul004\naeul004c00r13l515f00\temp\includes\buffer\buffer1\localvar.h	C:\Users\wongjl\Desktop\job\Github\NAEUL004\NAEUL004C00R13L515F00\Logical\NtLibraries\NtBuffer\Constants.var global
c:\users\wongjl\desktop\job\github\naeul004\naeul004c00r13l515f00\temp\includes\lf\lffollower\localvar.h	C:\Users\wongjl\Desktop\job\Github\NAEUL004\NAEUL004C00R13L515F00\Logical\ProdRcp\ProdRcp.var global
c:\users\wongjl\desktop\job\github\naeul004\naeul004c00r13l515f00\temp\includes\dinput\dinput\localvar.h	C:\Users\wongjl\Desktop\job\Github\NAEUL004\NAEUL004C00R13L515F00\Logical\DInput\DInput.var global
c:\users\wongjl\desktop\job\github\naeul004\naeul004c00r13l515f00\temp\includes\magrcp\magrcp\localvar.h	C:\Users\wongjl\Desktop\job\Github\NAEUL004\NAEUL004C00R13L515F00\Logical\MagRcp\MagRcp.var global
c:\users\wongjl\desktop\job\github\naeul004\naeul004c00r13l515f00\temp\includes\lf\follower1\inputrefvar.h	C:\Users\wongjl\Desktop\job\Github\NAEUL004\NAEUL004C00R13L515F00\Logical\ProdRcp\ProdRcp.var global
c:\users\wongjl\desktop\job\github\naeul004\naeul004c00r13l515f00\temp\includes\lf\lfleader\localvar.h	C:\Users\wongjl\Desktop\job\Github\NAEUL004\NAEUL004C00R13L515F00\Logical\NtLibraries\NtLF\Constants.var global
c:\users\wongjl\desktop\job\github\naeul004\naeul004c00r13l515f00\temp\includes\hermes\hermes\inputrefvar.h	C:\Users\wongjl\Desktop\job\Github\NAEUL004\NAEUL004C00R13L515F00\Logical\NtLibraries\NtHermes\Constants.var global
c:\users\wongjl\desktop\job\github\naeul004\naeul004c00r13l515f00\temp\includes\hermes\hermes\localvar.h	C:\Users\wongjl\Desktop\job\Github\NAEUL004\NAEUL004C00R13L515F00\Logical\NtLibraries\NtHermes\Constants.var global
c:\users\wongjl\desktop\job\github\naeul004\naeul004c00r13l515f00\temp\includes\buffer\buffer2\inputrefvar.h	C:\Users\wongjl\Desktop\job\Github\NAEUL004\NAEUL004C00R13L515F00\Logical\NtLibraries\NtBuffer\Constants.var global
c:\users\wongjl\desktop\job\github\naeul004\naeul004c00r13l515f00\temp\includes\lf\follower1\localvar.h	C:\Users\wongjl\Desktop\job\Github\NAEUL004\NAEUL004C00R13L515F00\Logical\ProdRcp\ProdRcp.var global
c:\users\wongjl\desktop\job\github\naeul004\naeul004c00r13l515f00\temp\includes\mcparam\mcparamtyp.h	C:\Users\wongjl\Desktop\job\Github\NAEUL004\NAEUL004C00R13L515F00\Logical\NtLibraries\NtLF\Constants.var global
c:\users\wongjl\desktop\job\github\naeul004\naeul004c00r13l515f00\temp\includes\buffer\buffer3\inputrefvar.h	C:\Users\wongjl\Desktop\job\Github\NAEUL004\NAEUL004C00R13L515F00\Logical\NtLibraries\NtBuffer\Constants.var global
c:\users\wongjl\desktop\job\github\naeul004\naeul004c00r13l515f00\temp\includes\hermes\ushermesb\inputrefvar.h	C:\Users\wongjl\Desktop\job\Github\NAEUL004\NAEUL004C00R13L515F00\Logical\ProdRcp\ProdRcp.var global
c:\users\wongjl\desktop\job\github\naeul004\naeul004c00r13l515f00\temp\includes\usrmgmt\usrmgmt\localvar.h	C:\Users\wongjl\Desktop\job\Github\NAEUL004\NAEUL004C00R13L515F00\Logical\UsrMgmt\UsrMgmt.var global
c:\users\wongjl\desktop\job\github\naeul004\naeul004c00r13l515f00\temp\includes\hermes\ushermesa\localvar.h	C:\Users\wongjl\Desktop\job\Github\NAEUL004\NAEUL004C00R13L515F00\Logical\ProdRcp\ProdRcp.var global
c:\users\wongjl\desktop\job\github\naeul004\naeul004c00r13l515f00\temp\includes\lcs\lcsmngrcp\localvar.h	C:\Users\wongjl\Desktop\job\Github\NAEUL004\NAEUL004C00R13L515F00\Logical\ProdRcp\ProdRcp.var global
c:\users\wongjl\desktop\job\github\naeul004\naeul004c00r13l515f00\temp\includes\lf\lfleader\inputrefvar.h	C:\Users\wongjl\Desktop\job\Github\NAEUL004\NAEUL004C00R13L515F00\Logical\NtLibraries\NtLF\Constants.var global
c:\users\wongjl\desktop\job\github\naeul004\naeul004c00r13l515f00\temp\includes\lf\lffollower\inputrefvar.h	C:\Users\wongjl\Desktop\job\Github\NAEUL004\NAEUL004C00R13L515F00\Logical\ProdRcp\ProdRcp.var global
c:\users\wongjl\desktop\job\github\naeul004\naeul004c00r13l515f00\temp\includes\prodrcp\prodrcp\localvar.h	C:\Users\wongjl\Desktop\job\Github\NAEUL004\NAEUL004C00R13L515F00\Logical\ProdRcp\ProdRcp.var global
c:\users\wongjl\desktop\job\github\naeul004\naeul004c00r13l515f00\temp\includes\alarm\alarmtyp.h	C:\Users\wongjl\Desktop\job\Github\NAEUL004\NAEUL004C00R13L515F00\Logical\Alarm\Alarm.var global
c:\users\wongjl\desktop\job\github\naeul004\naeul004c00r13l515f00\temp\includes\libver\libver\localvar.h	C:\Users\wongjl\Desktop\job\Github\NAEUL004\NAEUL004C00R13L515F00\Logical\NtLibraries\NtVersion\Constant.var global
c:\users\wongjl\desktop\job\github\naeul004\naeul004c00r13l515f00\temp\includes\buffer\buffer2\localvar.h	C:\Users\wongjl\Desktop\job\Github\NAEUL004\NAEUL004C00R13L515F00\Logical\NtLibraries\NtBuffer\Constants.var global
c:\users\wongjl\desktop\job\github\naeul004\naeul004c00r13l515f00\temp\includes\buffer\buffertyp.h	C:\Users\wongjl\Desktop\job\Github\NAEUL004\NAEUL004C00R13L515F00\Logical\NtLibraries\NtBuffer\Constants.var global
c:\users\wongjl\desktop\job\github\naeul004\naeul004c00r13l515f00\temp\includes\ui\ui\visu_layertyp.h	C:\Users\wongjl\Desktop\job\Github\NAEUL004\NAEUL004C00R13L515F00\Logical\UI\UI\Visu_Page.var local
c:\users\wongjl\desktop\job\github\naeul004\naeul004c00r13l515f00\temp\includes\alarm\alarm\localvar.h	C:\Users\wongjl\Desktop\job\Github\NAEUL004\NAEUL004C00R13L515F00\Logical\Alarm\Alarm.var global
c:\users\wongjl\desktop\job\github\naeul004\naeul004c00r13l515f00\temp\includes\ui\ui\localvar.h	C:\Users\wongjl\Desktop\job\Github\NAEUL004\NAEUL004C00R13L515F00\Logical\NtLibraries\NtHermes\Constants.var global
c:\users\wongjl\desktop\job\github\naeul004\naeul004c00r13l515f00\temp\includes\lcs\lcs\inputref_linkvar.h	C:\Users\wongjl\Desktop\job\Github\NAEUL004\NAEUL004C00R13L515F00\Logical\Alarm\Alarm.var global
c:\users\wongjl\desktop\job\github\naeul004\naeul004c00r13l515f00\temp\includes\ui\ui\inputrefvar.h	C:\Users\wongjl\Desktop\job\Github\NAEUL004\NAEUL004C00R13L515F00\Logical\NtLibraries\NtLF\Constants.var global,C:\Users\wongjl\Desktop\job\Github\NAEUL004\NAEUL004C00R13L515F00\Logical\UsrMgmt\UsrMgmt.var global,C:\Users\wongjl\Desktop\job\Github\NAEUL004\NAEUL004C00R13L515F00\Logical\MagRcp\MagRcp.var global,C:\Users\wongjl\Desktop\job\Github\NAEUL004\NAEUL004C00R13L515F00\Logical\ProdRcp\ProdRcp.var global,C:\Users\wongjl\Desktop\job\Github\NAEUL004\NAEUL004C00R13L515F00\Logical\Alarm\Alarm.var global
c:\users\wongjl\desktop\job\github\naeul004\naeul004c00r13l515f00\temp\includes\hermes\ushermesb\localvar.h	C:\Users\wongjl\Desktop\job\Github\NAEUL004\NAEUL004C00R13L515F00\Logical\ProdRcp\ProdRcp.var global
c:\users\wongjl\desktop\job\github\naeul004\naeul004c00r13l515f00\temp\includes\buffer\buffer1\inputrefvar.h	C:\Users\wongjl\Desktop\job\Github\NAEUL004\NAEUL004C00R13L515F00\Logical\NtLibraries\NtBuffer\Constants.var global
c:\users\wongjl\desktop\job\github\naeul004\naeul004c00r13l515f00\temp\includes\simulation\simu2typ.h	C:\Users\wongjl\Desktop\job\Github\NAEUL004\NAEUL004C00R13L515F00\Logical\NtLibraries\NtBuffer\Constants.var global
c:\users\wongjl\desktop\job\github\naeul004\naeul004c00r13l515f00\temp\includes\lf\follower2\localvar.h	C:\Users\wongjl\Desktop\job\Github\NAEUL004\NAEUL004C00R13L515F00\Logical\ProdRcp\ProdRcp.var global
c:\users\wongjl\desktop\job\github\naeul004\naeul004c00r13l515f00\temp\includes\lcs\lcsmngrcp\inputrefvar.h	C:\Users\wongjl\Desktop\job\Github\NAEUL004\NAEUL004C00R13L515F00\Logical\ProdRcp\ProdRcp.var global
c:\users\wongjl\desktop\job\github\naeul004\naeul004c00r13l515f00\temp\includes\lf\follower2\inputrefvar.h	C:\Users\wongjl\Desktop\job\Github\NAEUL004\NAEUL004C00R13L515F00\Logical\ProdRcp\ProdRcp.var global
c:\users\wongjl\desktop\job\github\naeul004\naeul004c00r13l515f00\temp\includes\buffer\buffer3\localvar.h	C:\Users\wongjl\Desktop\job\Github\NAEUL004\NAEUL004C00R13L515F00\Logical\NtLibraries\NtBuffer\Constants.var global
c:\users\wongjl\desktop\job\github\naeul004\naeul004c00r13l515f00\temp\includes\doutput\doutput\localvar.h	C:\Users\wongjl\Desktop\job\Github\NAEUL004\NAEUL004C00R13L515F00\Logical\DOutput\DOutput.var global
c:\users\wongjl\desktop\job\github\naeul004\naeul004c00r13l515f00\temp\includes\hermes\hermestyp.h	C:\Users\wongjl\Desktop\job\Github\NAEUL004\NAEUL004C00R13L515F00\Logical\NtLibraries\NtHermes\Constants.var global
